18:47:07.986 [main] INFO  i.p.b.m.ShopBackendApplication - Starting ShopBackendApplication using Java 1.8.0_171 on PC-203 with PID 12344 (E:\me-project\multi-shop\shop-backend\target\classes started by mj.rahmati in E:\me-project\multi-shop)
18:47:07.993 [main] INFO  i.p.b.m.ShopBackendApplication - The following profiles are active: production
18:47:08.593 [main] INFO  o.s.d.r.c.RepositoryConfigurationDelegate - Bootstrapping Spring Data JPA repositories in DEFAULT mode.
18:47:08.656 [main] INFO  o.s.d.r.c.RepositoryConfigurationDelegate - Finished Spring Data repository scanning in 50 ms. Found 1 JPA repository interfaces.
18:47:09.296 [main] INFO  o.s.b.w.e.tomcat.TomcatWebServer - Tomcat initialized with port(s): 8081 (http)
18:47:09.312 [main] INFO  o.a.catalina.core.StandardService - Starting service [Tomcat]
18:47:09.312 [main] INFO  o.a.catalina.core.StandardEngine - Starting Servlet engine: [Apache Tomcat/9.0.41]
18:47:09.452 [main] INFO  o.a.c.c.C.[Tomcat].[localhost].[/] - Initializing Spring embedded WebApplicationContext
18:47:09.452 [main] INFO  o.s.b.w.s.c.ServletWebServerApplicationContext - Root WebApplicationContext: initialization completed in 1412 ms
18:47:20.576 [main] WARN  com.zaxxer.hikari.HikariConfig - Pool-support - idleTimeout has been set but has no effect because the pool is operating as a fixed size pool.
18:47:20.576 [main] INFO  com.zaxxer.hikari.HikariDataSource - Pool-support - Starting...
18:47:20.732 [main] INFO  com.zaxxer.hikari.HikariDataSource - Pool-support - Start completed.
18:47:24.140 [main] INFO  o.h.jpa.internal.util.LogHelper - HHH000204: Processing PersistenceUnitInfo [name: default]
18:47:24.265 [main] INFO  org.hibernate.Version - HHH000412: Hibernate ORM core version 5.4.25.Final
18:47:24.421 [main] INFO  o.h.annotations.common.Version - HCANN000001: Hibernate Commons Annotations {5.1.2.Final}
18:47:24.578 [main] INFO  org.hibernate.dialect.Dialect - HHH000400: Using dialect: org.hibernate.dialect.H2Dialect
18:47:25.127 [main] INFO  o.h.e.t.j.p.i.JtaPlatformInitiator - HHH000490: Using JtaPlatform implementation: [org.hibernate.engine.transaction.jta.platform.internal.NoJtaPlatform]
18:47:25.140 [main] INFO  o.s.o.j.LocalContainerEntityManagerFactoryBean - Initialized JPA EntityManagerFactory for persistence unit 'default'
18:48:50.078 [Pool-support housekeeper] WARN  com.zaxxer.hikari.pool.HikariPool - Pool-support - Thread starvation or clock leap detected (housekeeper delta=1m28s927ms114µs900ns).
18:48:50.078 [main] WARN  com.zaxxer.hikari.HikariConfig - Pool-vavishka-vavishka.ir - idleTimeout has been set but has no effect because the pool is operating as a fixed size pool.
18:48:50.078 [main] INFO  com.zaxxer.hikari.HikariDataSource - Pool-vavishka-vavishka.ir - Starting...
18:48:50.093 [main] INFO  com.zaxxer.hikari.HikariDataSource - Pool-vavishka-vavishka.ir - Start completed.
18:48:50.124 [main] WARN  com.zaxxer.hikari.HikariConfig - Pool-piana-piana.ir - idleTimeout has been set but has no effect because the pool is operating as a fixed size pool.
18:48:50.124 [main] INFO  com.zaxxer.hikari.HikariDataSource - Pool-piana-piana.ir - Starting...
18:48:50.187 [main] INFO  com.zaxxer.hikari.HikariDataSource - Pool-piana-piana.ir - Start completed.
18:48:50.265 [main] WARN  o.h.e.jdbc.spi.SqlExceptionHelper - SQL Error: 90121, SQLState: 90121
18:48:50.265 [main] ERROR o.h.e.jdbc.spi.SqlExceptionHelper - Database is already closed (to disable automatic closing at VM shutdown, add ";DB_CLOSE_ON_EXIT=FALSE" to the db URL) [90121-200]
18:48:50.265 [main] ERROR o.s.o.jpa.EntityManagerFactoryUtils - Failed to release JPA EntityManager
org.hibernate.exception.JDBCConnectionException: Unable to release JDBC Connection
	at org.hibernate.exception.internal.SQLExceptionTypeDelegate.convert(SQLExceptionTypeDelegate.java:48)
	at org.hibernate.exception.internal.StandardSQLExceptionConverter.convert(StandardSQLExceptionConverter.java:42)
	at org.hibernate.engine.jdbc.spi.SqlExceptionHelper.convert(SqlExceptionHelper.java:113)
	at org.hibernate.engine.jdbc.spi.SqlExceptionHelper.convert(SqlExceptionHelper.java:99)
	at org.hibernate.resource.jdbc.internal.LogicalConnectionManagedImpl.releaseConnection(LogicalConnectionManagedImpl.java:213)
	at org.hibernate.resource.jdbc.internal.LogicalConnectionManagedImpl.close(LogicalConnectionManagedImpl.java:258)
	at org.hibernate.engine.jdbc.internal.JdbcCoordinatorImpl.close(JdbcCoordinatorImpl.java:175)
	at org.hibernate.internal.AbstractSharedSessionContract.close(AbstractSharedSessionContract.java:342)
	at org.hibernate.internal.SessionImpl.closeWithoutOpenChecks(SessionImpl.java:376)
	at org.hibernate.internal.SessionImpl.close(SessionImpl.java:361)
	at org.springframework.orm.jpa.EntityManagerFactoryUtils.closeEntityManager(EntityManagerFactoryUtils.java:427)
	at org.springframework.orm.jpa.JpaTransactionManager.closeEntityManagerAfterFailedBegin(JpaTransactionManager.java:514)
	at org.springframework.orm.jpa.JpaTransactionManager.doBegin(JpaTransactionManager.java:466)
	at org.springframework.transaction.support.AbstractPlatformTransactionManager.startTransaction(AbstractPlatformTransactionManager.java:400)
	at org.springframework.transaction.support.AbstractPlatformTransactionManager.getTransaction(AbstractPlatformTransactionManager.java:373)
	at org.springframework.transaction.interceptor.TransactionAspectSupport.createTransactionIfNecessary(TransactionAspectSupport.java:595)
	at org.springframework.transaction.interceptor.TransactionAspectSupport.invokeWithinTransaction(TransactionAspectSupport.java:382)
	at org.springframework.transaction.interceptor.TransactionInterceptor.invoke(TransactionInterceptor.java:119)
	at org.springframework.aop.framework.ReflectiveMethodInvocation.proceed(ReflectiveMethodInvocation.java:186)
	at org.springframework.dao.support.PersistenceExceptionTranslationInterceptor.invoke(PersistenceExceptionTranslationInterceptor.java:137)
	at org.springframework.aop.framework.ReflectiveMethodInvocation.proceed(ReflectiveMethodInvocation.java:186)
	at org.springframework.data.jpa.repository.support.CrudMethodMetadataPostProcessor$CrudMethodMetadataPopulatingMethodInterceptor.invoke(CrudMethodMetadataPostProcessor.java:174)
	at org.springframework.aop.framework.ReflectiveMethodInvocation.proceed(ReflectiveMethodInvocation.java:186)
	at org.springframework.aop.interceptor.ExposeInvocationInterceptor.invoke(ExposeInvocationInterceptor.java:97)
	at org.springframework.aop.framework.ReflectiveMethodInvocation.proceed(ReflectiveMethodInvocation.java:186)
	at org.springframework.aop.framework.JdkDynamicAopProxy.invoke(JdkDynamicAopProxy.java:215)
	at com.sun.proxy.$Proxy84.save(Unknown Source)
	at ir.piana.business.multishop.ds.service.DataSourceService.datasourceActivation(DataSourceService.java:104)
	at ir.piana.business.multishop.ds.service.DataSourceService.refreshDataSources(DataSourceService.java:155)
	at ir.piana.business.multishop.ds.service.DataSourceService.init(DataSourceService.java:65)
	at sun.reflect.NativeMethodAccessorImpl.invoke0(Native Method)
	at sun.reflect.NativeMethodAccessorImpl.invoke(NativeMethodAccessorImpl.java:62)
	at sun.reflect.DelegatingMethodAccessorImpl.invoke(DelegatingMethodAccessorImpl.java:43)
	at java.lang.reflect.Method.invoke(Method.java:498)
	at org.springframework.beans.factory.annotation.InitDestroyAnnotationBeanPostProcessor$LifecycleElement.invoke(InitDestroyAnnotationBeanPostProcessor.java:389)
	at org.springframework.beans.factory.annotation.InitDestroyAnnotationBeanPostProcessor$LifecycleMetadata.invokeInitMethods(InitDestroyAnnotationBeanPostProcessor.java:333)
	at org.springframework.beans.factory.annotation.InitDestroyAnnotationBeanPostProcessor.postProcessBeforeInitialization(InitDestroyAnnotationBeanPostProcessor.java:157)
	at org.springframework.beans.factory.support.AbstractAutowireCapableBeanFactory.applyBeanPostProcessorsBeforeInitialization(AbstractAutowireCapableBeanFactory.java:429)
	at org.springframework.beans.factory.support.AbstractAutowireCapableBeanFactory.initializeBean(AbstractAutowireCapableBeanFactory.java:1780)
	at org.springframework.beans.factory.support.AbstractAutowireCapableBeanFactory.doCreateBean(AbstractAutowireCapableBeanFactory.java:609)
	at org.springframework.beans.factory.support.AbstractAutowireCapableBeanFactory.createBean(AbstractAutowireCapableBeanFactory.java:531)
	at org.springframework.beans.factory.support.AbstractBeanFactory.lambda$doGetBean$0(AbstractBeanFactory.java:335)
	at org.springframework.beans.factory.support.DefaultSingletonBeanRegistry.getSingleton(DefaultSingletonBeanRegistry.java:234)
	at org.springframework.beans.factory.support.AbstractBeanFactory.doGetBean(AbstractBeanFactory.java:333)
	at org.springframework.beans.factory.support.AbstractBeanFactory.getBean(AbstractBeanFactory.java:208)
	at org.springframework.beans.factory.config.DependencyDescriptor.resolveCandidate(DependencyDescriptor.java:276)
	at org.springframework.beans.factory.support.DefaultListableBeanFactory.doResolveDependency(DefaultListableBeanFactory.java:1367)
	at org.springframework.beans.factory.support.DefaultListableBeanFactory.resolveDependency(DefaultListableBeanFactory.java:1287)
	at org.springframework.beans.factory.annotation.AutowiredAnnotationBeanPostProcessor$AutowiredFieldElement.inject(AutowiredAnnotationBeanPostProcessor.java:640)
	at org.springframework.beans.factory.annotation.InjectionMetadata.inject(InjectionMetadata.java:119)
	at org.springframework.beans.factory.annotation.AutowiredAnnotationBeanPostProcessor.postProcessProperties(AutowiredAnnotationBeanPostProcessor.java:399)
	at org.springframework.beans.factory.support.AbstractAutowireCapableBeanFactory.populateBean(AbstractAutowireCapableBeanFactory.java:1415)
	at org.springframework.beans.factory.support.AbstractAutowireCapableBeanFactory.doCreateBean(AbstractAutowireCapableBeanFactory.java:608)
	at org.springframework.beans.factory.support.AbstractAutowireCapableBeanFactory.createBean(AbstractAutowireCapableBeanFactory.java:531)
	at org.springframework.beans.factory.support.AbstractBeanFactory.lambda$doGetBean$0(AbstractBeanFactory.java:335)
	at org.springframework.beans.factory.support.DefaultSingletonBeanRegistry.getSingleton(DefaultSingletonBeanRegistry.java:234)
	at org.springframework.beans.factory.support.AbstractBeanFactory.doGetBean(AbstractBeanFactory.java:333)
	at org.springframework.beans.factory.support.AbstractBeanFactory.getBean(AbstractBeanFactory.java:208)
	at org.springframework.beans.factory.support.DefaultListableBeanFactory.preInstantiateSingletons(DefaultListableBeanFactory.java:944)
	at org.springframework.context.support.AbstractApplicationContext.finishBeanFactoryInitialization(AbstractApplicationContext.java:923)
	at org.springframework.context.support.AbstractApplicationContext.refresh(AbstractApplicationContext.java:588)
	at org.springframework.boot.web.servlet.context.ServletWebServerApplicationContext.refresh(ServletWebServerApplicationContext.java:144)
	at org.springframework.boot.SpringApplication.refresh(SpringApplication.java:767)
	at org.springframework.boot.SpringApplication.refresh(SpringApplication.java:759)
	at org.springframework.boot.SpringApplication.refreshContext(SpringApplication.java:426)
	at org.springframework.boot.SpringApplication.run(SpringApplication.java:326)
	at ir.piana.business.multishop.ShopBackendApplication.main(ShopBackendApplication.java:18)
Caused by: org.h2.jdbc.JdbcSQLNonTransientConnectionException: Database is already closed (to disable automatic closing at VM shutdown, add ";DB_CLOSE_ON_EXIT=FALSE" to the db URL) [90121-200]
	at org.h2.message.DbException.getJdbcSQLException(DbException.java:622)
	at org.h2.message.DbException.getJdbcSQLException(DbException.java:429)
	at org.h2.message.DbException.get(DbException.java:205)
	at org.h2.message.DbException.get(DbException.java:181)
	at org.h2.message.DbException.get(DbException.java:170)
	at org.h2.jdbc.JdbcConnection.checkClosed(JdbcConnection.java:1514)
	at org.h2.jdbc.JdbcConnection.checkClosed(JdbcConnection.java:1490)
	at org.h2.jdbc.JdbcConnection.clearWarnings(JdbcConnection.java:703)
	at com.zaxxer.hikari.pool.ProxyConnection.close(ProxyConnection.java:267)
	at org.hibernate.engine.jdbc.connections.spi.AbstractDataSourceBasedMultiTenantConnectionProviderImpl.releaseConnection(AbstractDataSourceBasedMultiTenantConnectionProviderImpl.java:40)
	at org.hibernate.internal.ContextualJdbcConnectionAccess.releaseConnection(ContextualJdbcConnectionAccess.java:58)
	at org.hibernate.resource.jdbc.internal.LogicalConnectionManagedImpl.releaseConnection(LogicalConnectionManagedImpl.java:210)
	... 62 common frames omitted
18:48:50.484 [main] INFO  o.s.s.c.ThreadPoolTaskExecutor - Initializing ExecutorService 'applicationTaskExecutor'
18:48:50.702 [main] INFO  o.s.b.a.s.s.UserDetailsServiceAutoConfiguration - 

Using generated security password: eaa7374c-5c67-40d5-ae3b-beefb213c831

18:48:50.796 [main] INFO  o.s.s.web.DefaultSecurityFilterChain - Will secure any request with [org.springframework.security.web.context.request.async.WebAsyncManagerIntegrationFilter@750457a5, org.springframework.security.web.context.SecurityContextPersistenceFilter@7ea039b4, org.springframework.security.web.header.HeaderWriterFilter@3487947c, org.springframework.security.web.csrf.CsrfFilter@2c731a16, org.springframework.security.web.authentication.logout.LogoutFilter@3c6fc4cd, org.springframework.security.web.authentication.UsernamePasswordAuthenticationFilter@45e35a0d, org.springframework.security.web.authentication.ui.DefaultLoginPageGeneratingFilter@b2e1df3, org.springframework.security.web.authentication.ui.DefaultLogoutPageGeneratingFilter@6c4786af, org.springframework.security.web.authentication.www.BasicAuthenticationFilter@7f5ecada, org.springframework.security.web.savedrequest.RequestCacheAwareFilter@1610c03c, org.springframework.security.web.servletapi.SecurityContextHolderAwareRequestFilter@d0e4972, org.springframework.security.web.authentication.AnonymousAuthenticationFilter@65c689e7, org.springframework.security.web.session.SessionManagementFilter@3117ac8d, org.springframework.security.web.access.ExceptionTranslationFilter@1adfb5b8, org.springframework.security.web.access.intercept.FilterSecurityInterceptor@4eec5fa6]
18:48:50.859 [main] INFO  o.s.b.w.e.tomcat.TomcatWebServer - Tomcat started on port(s): 8081 (http) with context path ''
18:48:50.859 [main] INFO  i.p.b.m.ShopBackendApplication - Started ShopBackendApplication in 103.422 seconds (JVM running for 105.111)
18:48:50.922 [SpringContextShutdownHook] INFO  o.s.s.c.ThreadPoolTaskExecutor - Shutting down ExecutorService 'applicationTaskExecutor'
18:48:50.922 [SpringContextShutdownHook] INFO  o.s.o.j.LocalContainerEntityManagerFactoryBean - Closing JPA EntityManagerFactory for persistence unit 'default'
18:52:09.841 [main] INFO  i.p.b.m.ShopBackendApplication - Starting ShopBackendApplication using Java 1.8.0_171 on PC-203 with PID 9752 (E:\me-project\multi-shop\shop-backend\target\classes started by mj.rahmati in E:\me-project\multi-shop)
18:52:09.841 [main] INFO  i.p.b.m.ShopBackendApplication - The following profiles are active: production
18:52:10.466 [main] INFO  o.s.d.r.c.RepositoryConfigurationDelegate - Bootstrapping Spring Data JPA repositories in DEFAULT mode.
18:52:10.513 [main] INFO  o.s.d.r.c.RepositoryConfigurationDelegate - Finished Spring Data repository scanning in 44 ms. Found 1 JPA repository interfaces.
18:52:11.044 [main] INFO  o.s.b.w.e.tomcat.TomcatWebServer - Tomcat initialized with port(s): 8081 (http)
18:52:11.060 [main] INFO  o.a.catalina.core.StandardService - Starting service [Tomcat]
18:52:11.060 [main] INFO  o.a.catalina.core.StandardEngine - Starting Servlet engine: [Apache Tomcat/9.0.41]
18:52:11.169 [main] INFO  o.a.c.c.C.[Tomcat].[localhost].[/] - Initializing Spring embedded WebApplicationContext
18:52:11.169 [main] INFO  o.s.b.w.s.c.ServletWebServerApplicationContext - Root WebApplicationContext: initialization completed in 1281 ms
18:54:12.514 [main] WARN  com.zaxxer.hikari.HikariConfig - Pool-support - idleTimeout has been set but has no effect because the pool is operating as a fixed size pool.
18:54:12.529 [main] INFO  com.zaxxer.hikari.HikariDataSource - Pool-support - Starting...
18:54:12.654 [main] INFO  com.zaxxer.hikari.HikariDataSource - Pool-support - Start completed.
18:54:15.554 [main] INFO  o.h.jpa.internal.util.LogHelper - HHH000204: Processing PersistenceUnitInfo [name: default]
18:54:15.680 [main] INFO  org.hibernate.Version - HHH000412: Hibernate ORM core version 5.4.25.Final
18:54:15.896 [main] INFO  o.h.annotations.common.Version - HCANN000001: Hibernate Commons Annotations {5.1.2.Final}
18:54:16.037 [main] INFO  org.hibernate.dialect.Dialect - HHH000400: Using dialect: org.hibernate.dialect.H2Dialect
18:54:16.490 [main] INFO  o.h.e.t.j.p.i.JtaPlatformInitiator - HHH000490: Using JtaPlatform implementation: [org.hibernate.engine.transaction.jta.platform.internal.NoJtaPlatform]
18:54:16.490 [main] INFO  o.s.o.j.LocalContainerEntityManagerFactoryBean - Initialized JPA EntityManagerFactory for persistence unit 'default'
18:54:23.655 [main] WARN  com.zaxxer.hikari.HikariConfig - Pool-vavishka-vavishka.ir - idleTimeout has been set but has no effect because the pool is operating as a fixed size pool.
18:54:23.655 [main] INFO  com.zaxxer.hikari.HikariDataSource - Pool-vavishka-vavishka.ir - Starting...
18:54:23.686 [main] INFO  com.zaxxer.hikari.HikariDataSource - Pool-vavishka-vavishka.ir - Start completed.
18:59:40.842 [Pool-support housekeeper] WARN  com.zaxxer.hikari.pool.HikariPool - Pool-support - Thread starvation or clock leap detected (housekeeper delta=4m53s800ms927µs100ns).
18:59:40.842 [Pool-vavishka-vavishka.ir housekeeper] WARN  com.zaxxer.hikari.pool.HikariPool - Pool-vavishka-vavishka.ir - Thread starvation or clock leap detected (housekeeper delta=5m15s237ms43µs200ns).
18:59:40.858 [main] WARN  com.zaxxer.hikari.HikariConfig - Pool-piana-piana.ir - idleTimeout has been set but has no effect because the pool is operating as a fixed size pool.
18:59:40.858 [main] INFO  com.zaxxer.hikari.HikariDataSource - Pool-piana-piana.ir - Starting...
18:59:40.858 [main] INFO  com.zaxxer.hikari.HikariDataSource - Pool-piana-piana.ir - Start completed.
18:59:41.045 [main] INFO  o.s.s.c.ThreadPoolTaskExecutor - Initializing ExecutorService 'applicationTaskExecutor'
18:59:41.326 [main] INFO  o.s.b.a.s.s.UserDetailsServiceAutoConfiguration - 

Using generated security password: 805aa505-0f3a-4976-bf46-54ed1a24b436

18:59:41.482 [main] INFO  o.s.s.web.DefaultSecurityFilterChain - Will secure any request with [org.springframework.security.web.context.request.async.WebAsyncManagerIntegrationFilter@2a341e3d, org.springframework.security.web.context.SecurityContextPersistenceFilter@306bf4c3, org.springframework.security.web.header.HeaderWriterFilter@746f8520, org.springframework.security.web.csrf.CsrfFilter@79c849c7, org.springframework.security.web.authentication.logout.LogoutFilter@731fae, org.springframework.security.web.authentication.UsernamePasswordAuthenticationFilter@4cddc036, org.springframework.security.web.authentication.ui.DefaultLoginPageGeneratingFilter@438a2d3, org.springframework.security.web.authentication.ui.DefaultLogoutPageGeneratingFilter@a4dcede, org.springframework.security.web.authentication.www.BasicAuthenticationFilter@69a3bf40, org.springframework.security.web.savedrequest.RequestCacheAwareFilter@532ea86b, org.springframework.security.web.servletapi.SecurityContextHolderAwareRequestFilter@17fb5184, org.springframework.security.web.authentication.AnonymousAuthenticationFilter@7ee02968, org.springframework.security.web.session.SessionManagementFilter@1ee22768, org.springframework.security.web.access.ExceptionTranslationFilter@8c3b634, org.springframework.security.web.access.intercept.FilterSecurityInterceptor@5df54296]
18:59:41.561 [main] INFO  o.s.b.w.e.tomcat.TomcatWebServer - Tomcat started on port(s): 8081 (http) with context path ''
18:59:41.561 [main] INFO  i.p.b.m.ShopBackendApplication - Started ShopBackendApplication in 452.236 seconds (JVM running for 453.055)
18:59:41.623 [SpringContextShutdownHook] INFO  o.s.s.c.ThreadPoolTaskExecutor - Shutting down ExecutorService 'applicationTaskExecutor'
18:59:41.623 [SpringContextShutdownHook] INFO  o.s.o.j.LocalContainerEntityManagerFactoryBean - Closing JPA EntityManagerFactory for persistence unit 'default'
18:59:58.379 [main] INFO  i.p.b.m.ShopBackendApplication - Starting ShopBackendApplication using Java 1.8.0_171 on PC-203 with PID 13704 (E:\me-project\multi-shop\shop-backend\target\classes started by mj.rahmati in E:\me-project\multi-shop)
18:59:58.383 [main] INFO  i.p.b.m.ShopBackendApplication - The following profiles are active: production
18:59:58.965 [main] INFO  o.s.d.r.c.RepositoryConfigurationDelegate - Bootstrapping Spring Data JPA repositories in DEFAULT mode.
18:59:59.013 [main] INFO  o.s.d.r.c.RepositoryConfigurationDelegate - Finished Spring Data repository scanning in 39 ms. Found 1 JPA repository interfaces.
18:59:59.546 [main] INFO  o.s.b.w.e.tomcat.TomcatWebServer - Tomcat initialized with port(s): 8081 (http)
18:59:59.562 [main] INFO  o.a.catalina.core.StandardService - Starting service [Tomcat]
18:59:59.562 [main] INFO  o.a.catalina.core.StandardEngine - Starting Servlet engine: [Apache Tomcat/9.0.41]
18:59:59.671 [main] INFO  o.a.c.c.C.[Tomcat].[localhost].[/] - Initializing Spring embedded WebApplicationContext
18:59:59.671 [main] INFO  o.s.b.w.s.c.ServletWebServerApplicationContext - Root WebApplicationContext: initialization completed in 1237 ms
19:00:12.218 [main] WARN  com.zaxxer.hikari.HikariConfig - Pool-support - idleTimeout has been set but has no effect because the pool is operating as a fixed size pool.
19:00:12.218 [main] INFO  com.zaxxer.hikari.HikariDataSource - Pool-support - Starting...
19:00:12.375 [main] INFO  com.zaxxer.hikari.HikariDataSource - Pool-support - Start completed.
19:00:14.689 [main] INFO  o.h.jpa.internal.util.LogHelper - HHH000204: Processing PersistenceUnitInfo [name: default]
19:00:14.767 [main] INFO  org.hibernate.Version - HHH000412: Hibernate ORM core version 5.4.25.Final
19:00:14.876 [main] INFO  o.h.annotations.common.Version - HCANN000001: Hibernate Commons Annotations {5.1.2.Final}
19:00:15.032 [main] INFO  org.hibernate.dialect.Dialect - HHH000400: Using dialect: org.hibernate.dialect.H2Dialect
19:00:15.470 [main] INFO  o.h.e.t.j.p.i.JtaPlatformInitiator - HHH000490: Using JtaPlatform implementation: [org.hibernate.engine.transaction.jta.platform.internal.NoJtaPlatform]
19:00:15.485 [main] INFO  o.s.o.j.LocalContainerEntityManagerFactoryBean - Initialized JPA EntityManagerFactory for persistence unit 'default'
19:00:21.249 [main] WARN  com.zaxxer.hikari.HikariConfig - Pool-vavishka-vavishka.ir - idleTimeout has been set but has no effect because the pool is operating as a fixed size pool.
19:00:21.249 [main] INFO  com.zaxxer.hikari.HikariDataSource - Pool-vavishka-vavishka.ir - Starting...
19:00:21.281 [main] INFO  com.zaxxer.hikari.HikariDataSource - Pool-vavishka-vavishka.ir - Start completed.
19:00:40.228 [main] WARN  com.zaxxer.hikari.HikariConfig - Pool-piana-piana.ir - idleTimeout has been set but has no effect because the pool is operating as a fixed size pool.
19:00:40.228 [main] INFO  com.zaxxer.hikari.HikariDataSource - Pool-piana-piana.ir - Starting...
19:00:40.243 [main] INFO  com.zaxxer.hikari.HikariDataSource - Pool-piana-piana.ir - Start completed.
19:00:45.642 [main] INFO  o.s.s.c.ThreadPoolTaskExecutor - Initializing ExecutorService 'applicationTaskExecutor'
19:00:45.783 [main] INFO  o.s.b.a.s.s.UserDetailsServiceAutoConfiguration - 

Using generated security password: f4f5c4ec-141e-4eb4-88c6-2880db81c174

19:00:45.892 [main] INFO  o.s.s.web.DefaultSecurityFilterChain - Will secure any request with [org.springframework.security.web.context.request.async.WebAsyncManagerIntegrationFilter@314c28dc, org.springframework.security.web.context.SecurityContextPersistenceFilter@5c459194, org.springframework.security.web.header.HeaderWriterFilter@220cda54, org.springframework.security.web.csrf.CsrfFilter@447543ee, org.springframework.security.web.authentication.logout.LogoutFilter@59c38af5, org.springframework.security.web.authentication.UsernamePasswordAuthenticationFilter@581d5b33, org.springframework.security.web.authentication.ui.DefaultLoginPageGeneratingFilter@6244afc4, org.springframework.security.web.authentication.ui.DefaultLogoutPageGeneratingFilter@7169d668, org.springframework.security.web.authentication.www.BasicAuthenticationFilter@78f4d15d, org.springframework.security.web.savedrequest.RequestCacheAwareFilter@6065bcb7, org.springframework.security.web.servletapi.SecurityContextHolderAwareRequestFilter@1842dc39, org.springframework.security.web.authentication.AnonymousAuthenticationFilter@2f498f21, org.springframework.security.web.session.SessionManagementFilter@4d3990a5, org.springframework.security.web.access.ExceptionTranslationFilter@23dc70c1, org.springframework.security.web.access.intercept.FilterSecurityInterceptor@2e1e7bc6]
19:00:45.954 [main] INFO  o.s.b.w.e.tomcat.TomcatWebServer - Tomcat started on port(s): 8081 (http) with context path ''
19:00:45.986 [main] INFO  i.p.b.m.ShopBackendApplication - Started ShopBackendApplication in 48.171 seconds (JVM running for 48.962)
19:03:53.530 [http-nio-8081-exec-1] INFO  o.a.tomcat.util.http.parser.Cookie - A cookie header was received [/instrumentCardex.do=1|sc2; /paymentCheckGroup.do=0|sc1; session=eyJ0eXAiOiJKV1QiLCJhbGciOiJIUzUxMiJ9.eyJzdWIiOiJhZG1pbiIsImV4cCI6MTU5NDkwMjIxOX0.iqQDXtp_O3-q0BvAjME3ta17FrUtto3--VlU39yfKOqBMvowRaTZ6QZqXQ2K752eYu_IWLdJCJPGEGe79-zY-Q; /paymentGroup.do=0|sc1; G_AUTHUSER_H=0; /nReceipt.do=1|sc2; /voucher.do=1|sc2; /payment.do=0|sc1; /payableCheck.do=0|sc1; /nreceivableCheck.do=0|sc1; /fundOperationSummary.do=0|sc1; /customerReport.do=0|sc1; /portfolioDetail.do=0|sc1; /customer.do=0|sc1; /accountingReport.do=1|sc2; PLAY_SESSION=eyJhbGciOiJIUzI1NiJ9.eyJkYXRhIjp7ImlzVXNlckFkbWluIjoidHJ1ZSIsImNsaWVudF9sb2dpbl9pZCI6IjFmYTI0YWFiNjI5YzQzOTg5Yzc0ODg5NmYzOTRjNGMxIiwiaXNVc2VyU3VwcG9ydGVyIjoidHJ1ZSIsInNlc3Npb25JZCI6IjE5ODY3ODZmLWIzM2MtNGZkMS05OTEzLTYwZjc1MTk5MGVmMCIsImNzcmZUb2tlbiI6IjM0MWI4YmEwZDZmZTliNTE5M2UwYTZlMjNhNzljYzlmZGE0MjBhMzMtMTU4OTg3MTAyODM0NS03MTQ1ZGViNDVhMTg5YTYwNTNkNWRhNzAiLCJ1c2VyIjoi2YXYrdio2YjYqNmHINin2K3Zhdiv24wifSwibmJmIjoxNjA5MzEyOTc5LCJpYXQiOjE2MDkzMTI5Nzl9.c-osDZrfj3a-YPFtR7buTNSSU74B6C-LoApA43FtqCI; JSESSIONID=A24EF9B70EEA4D51D58DEC65D40ED026] that contained an invalid cookie. That cookie will be ignored.
 Note: further occurrences of this error will be logged at DEBUG level.
19:03:53.535 [http-nio-8081-exec-1] INFO  o.a.c.c.C.[Tomcat].[localhost].[/] - Initializing Spring DispatcherServlet 'dispatcherServlet'
19:03:53.535 [http-nio-8081-exec-1] INFO  o.s.web.servlet.DispatcherServlet - Initializing Servlet 'dispatcherServlet'
19:03:53.537 [http-nio-8081-exec-1] INFO  o.s.web.servlet.DispatcherServlet - Completed initialization in 1 ms
19:05:35.057 [SpringContextShutdownHook] INFO  o.s.s.c.ThreadPoolTaskExecutor - Shutting down ExecutorService 'applicationTaskExecutor'
19:05:35.059 [SpringContextShutdownHook] INFO  o.s.o.j.LocalContainerEntityManagerFactoryBean - Closing JPA EntityManagerFactory for persistence unit 'default'
19:07:20.282 [main] INFO  i.p.b.m.ShopBackendApplication - Starting ShopBackendApplication using Java 1.8.0_171 on PC-203 with PID 4800 (E:\me-project\multi-shop\shop-backend\target\classes started by mj.rahmati in E:\me-project\multi-shop)
19:07:20.286 [main] INFO  i.p.b.m.ShopBackendApplication - The following profiles are active: production
19:07:20.866 [main] INFO  o.s.d.r.c.RepositoryConfigurationDelegate - Bootstrapping Spring Data JPA repositories in DEFAULT mode.
19:07:20.911 [main] INFO  o.s.d.r.c.RepositoryConfigurationDelegate - Finished Spring Data repository scanning in 36 ms. Found 1 JPA repository interfaces.
19:07:22.207 [main] INFO  o.s.b.w.e.tomcat.TomcatWebServer - Tomcat initialized with port(s): 8081 (http)
19:07:22.215 [main] INFO  o.a.catalina.core.StandardService - Starting service [Tomcat]
19:07:22.215 [main] INFO  o.a.catalina.core.StandardEngine - Starting Servlet engine: [Apache Tomcat/9.0.41]
19:07:22.330 [main] INFO  o.a.c.c.C.[Tomcat].[localhost].[/] - Initializing Spring embedded WebApplicationContext
19:07:22.331 [main] INFO  o.s.b.w.s.c.ServletWebServerApplicationContext - Root WebApplicationContext: initialization completed in 1971 ms
19:07:39.960 [main] WARN  com.zaxxer.hikari.HikariConfig - Pool-support - idleTimeout has been set but has no effect because the pool is operating as a fixed size pool.
19:07:39.968 [main] INFO  com.zaxxer.hikari.HikariDataSource - Pool-support - Starting...
19:07:40.120 [main] INFO  com.zaxxer.hikari.HikariDataSource - Pool-support - Start completed.
19:07:43.009 [main] INFO  o.h.jpa.internal.util.LogHelper - HHH000204: Processing PersistenceUnitInfo [name: default]
19:07:43.046 [main] INFO  org.hibernate.Version - HHH000412: Hibernate ORM core version 5.4.25.Final
19:07:43.227 [main] INFO  o.h.annotations.common.Version - HCANN000001: Hibernate Commons Annotations {5.1.2.Final}
19:07:43.359 [main] INFO  org.hibernate.dialect.Dialect - HHH000400: Using dialect: org.hibernate.dialect.H2Dialect
19:07:43.788 [main] INFO  o.h.e.t.j.p.i.JtaPlatformInitiator - HHH000490: Using JtaPlatform implementation: [org.hibernate.engine.transaction.jta.platform.internal.NoJtaPlatform]
19:07:43.799 [main] INFO  o.s.o.j.LocalContainerEntityManagerFactoryBean - Initialized JPA EntityManagerFactory for persistence unit 'default'
19:07:46.903 [main] WARN  com.zaxxer.hikari.HikariConfig - Pool-vavishka-vavishka.ir - idleTimeout has been set but has no effect because the pool is operating as a fixed size pool.
19:07:46.905 [main] INFO  com.zaxxer.hikari.HikariDataSource - Pool-vavishka-vavishka.ir - Starting...
19:07:46.939 [main] INFO  com.zaxxer.hikari.HikariDataSource - Pool-vavishka-vavishka.ir - Start completed.
19:07:57.391 [main] WARN  com.zaxxer.hikari.HikariConfig - Pool-piana-piana.ir - idleTimeout has been set but has no effect because the pool is operating as a fixed size pool.
19:07:57.394 [main] INFO  com.zaxxer.hikari.HikariDataSource - Pool-piana-piana.ir - Starting...
19:07:57.429 [main] INFO  com.zaxxer.hikari.HikariDataSource - Pool-piana-piana.ir - Start completed.
19:07:59.569 [main] INFO  o.s.s.c.ThreadPoolTaskExecutor - Initializing ExecutorService 'applicationTaskExecutor'
19:07:59.719 [main] INFO  o.s.b.a.s.s.UserDetailsServiceAutoConfiguration - 

Using generated security password: 732b3fa6-85ba-45d7-8b54-7f54ac0f12bd

19:07:59.811 [main] INFO  o.s.s.web.DefaultSecurityFilterChain - Will secure any request with [org.springframework.security.web.context.request.async.WebAsyncManagerIntegrationFilter@1e5e3147, org.springframework.security.web.context.SecurityContextPersistenceFilter@7ee02968, org.springframework.security.web.header.HeaderWriterFilter@69a3bf40, org.springframework.security.web.csrf.CsrfFilter@4fb99927, org.springframework.security.web.authentication.logout.LogoutFilter@1978b0d5, org.springframework.security.web.authentication.UsernamePasswordAuthenticationFilter@21780905, org.springframework.security.web.authentication.ui.DefaultLoginPageGeneratingFilter@6556471b, org.springframework.security.web.authentication.ui.DefaultLogoutPageGeneratingFilter@3c271988, org.springframework.security.web.authentication.www.BasicAuthenticationFilter@2114eb1a, org.springframework.security.web.savedrequest.RequestCacheAwareFilter@40b8158d, org.springframework.security.web.servletapi.SecurityContextHolderAwareRequestFilter@285b491f, org.springframework.security.web.authentication.AnonymousAuthenticationFilter@3aed692d, org.springframework.security.web.session.SessionManagementFilter@2a341e3d, org.springframework.security.web.access.ExceptionTranslationFilter@66a93b25, org.springframework.security.web.access.intercept.FilterSecurityInterceptor@353422fd]
19:07:59.869 [main] INFO  o.s.b.w.e.tomcat.TomcatWebServer - Tomcat started on port(s): 8081 (http) with context path ''
19:07:59.875 [main] INFO  i.p.b.m.ShopBackendApplication - Started ShopBackendApplication in 40.209 seconds (JVM running for 41.099)
19:08:14.040 [http-nio-8081-exec-1] INFO  o.a.tomcat.util.http.parser.Cookie - A cookie header was received [/instrumentCardex.do=1|sc2; /paymentCheckGroup.do=0|sc1; session=eyJ0eXAiOiJKV1QiLCJhbGciOiJIUzUxMiJ9.eyJzdWIiOiJhZG1pbiIsImV4cCI6MTU5NDkwMjIxOX0.iqQDXtp_O3-q0BvAjME3ta17FrUtto3--VlU39yfKOqBMvowRaTZ6QZqXQ2K752eYu_IWLdJCJPGEGe79-zY-Q; /paymentGroup.do=0|sc1; G_AUTHUSER_H=0; /nReceipt.do=1|sc2; /voucher.do=1|sc2; /payment.do=0|sc1; /payableCheck.do=0|sc1; /nreceivableCheck.do=0|sc1; /fundOperationSummary.do=0|sc1; /customerReport.do=0|sc1; /portfolioDetail.do=0|sc1; /customer.do=0|sc1; /accountingReport.do=1|sc2; PLAY_SESSION=eyJhbGciOiJIUzI1NiJ9.eyJkYXRhIjp7ImlzVXNlckFkbWluIjoidHJ1ZSIsImNsaWVudF9sb2dpbl9pZCI6IjFmYTI0YWFiNjI5YzQzOTg5Yzc0ODg5NmYzOTRjNGMxIiwiaXNVc2VyU3VwcG9ydGVyIjoidHJ1ZSIsInNlc3Npb25JZCI6IjE5ODY3ODZmLWIzM2MtNGZkMS05OTEzLTYwZjc1MTk5MGVmMCIsImNzcmZUb2tlbiI6IjM0MWI4YmEwZDZmZTliNTE5M2UwYTZlMjNhNzljYzlmZGE0MjBhMzMtMTU4OTg3MTAyODM0NS03MTQ1ZGViNDVhMTg5YTYwNTNkNWRhNzAiLCJ1c2VyIjoi2YXYrdio2YjYqNmHINin2K3Zhdiv24wifSwibmJmIjoxNjA5MzEyOTc5LCJpYXQiOjE2MDkzMTI5Nzl9.c-osDZrfj3a-YPFtR7buTNSSU74B6C-LoApA43FtqCI; JSESSIONID=946880A3183B82D09C0D0C8A2F6B1D14] that contained an invalid cookie. That cookie will be ignored.
 Note: further occurrences of this error will be logged at DEBUG level.
19:08:14.046 [http-nio-8081-exec-1] INFO  o.a.c.c.C.[Tomcat].[localhost].[/] - Initializing Spring DispatcherServlet 'dispatcherServlet'
19:08:14.046 [http-nio-8081-exec-1] INFO  o.s.web.servlet.DispatcherServlet - Initializing Servlet 'dispatcherServlet'
19:08:14.047 [http-nio-8081-exec-1] INFO  o.s.web.servlet.DispatcherServlet - Completed initialization in 0 ms
19:08:47.398 [SpringContextShutdownHook] INFO  o.s.s.c.ThreadPoolTaskExecutor - Shutting down ExecutorService 'applicationTaskExecutor'
19:08:47.399 [SpringContextShutdownHook] INFO  o.s.o.j.LocalContainerEntityManagerFactoryBean - Closing JPA EntityManagerFactory for persistence unit 'default'
19:08:54.233 [main] INFO  i.p.b.m.ShopBackendApplication - Starting ShopBackendApplication using Java 1.8.0_171 on PC-203 with PID 4100 (E:\me-project\multi-shop\shop-backend\target\classes started by mj.rahmati in E:\me-project\multi-shop)
19:08:54.237 [main] INFO  i.p.b.m.ShopBackendApplication - The following profiles are active: production
19:08:54.800 [main] INFO  o.s.d.r.c.RepositoryConfigurationDelegate - Bootstrapping Spring Data JPA repositories in DEFAULT mode.
19:08:54.846 [main] INFO  o.s.d.r.c.RepositoryConfigurationDelegate - Finished Spring Data repository scanning in 37 ms. Found 1 JPA repository interfaces.
19:08:55.379 [main] INFO  o.s.b.w.e.tomcat.TomcatWebServer - Tomcat initialized with port(s): 8081 (http)
19:08:55.387 [main] INFO  o.a.catalina.core.StandardService - Starting service [Tomcat]
19:08:55.387 [main] INFO  o.a.catalina.core.StandardEngine - Starting Servlet engine: [Apache Tomcat/9.0.41]
19:08:55.495 [main] INFO  o.a.c.c.C.[Tomcat].[localhost].[/] - Initializing Spring embedded WebApplicationContext
19:08:55.496 [main] INFO  o.s.b.w.s.c.ServletWebServerApplicationContext - Root WebApplicationContext: initialization completed in 1205 ms
19:09:01.493 [main] WARN  com.zaxxer.hikari.HikariConfig - Pool-support - idleTimeout has been set but has no effect because the pool is operating as a fixed size pool.
19:09:01.499 [main] INFO  com.zaxxer.hikari.HikariDataSource - Pool-support - Starting...
19:09:01.646 [main] INFO  com.zaxxer.hikari.HikariDataSource - Pool-support - Start completed.
19:09:03.387 [main] INFO  o.h.jpa.internal.util.LogHelper - HHH000204: Processing PersistenceUnitInfo [name: default]
19:09:03.498 [main] INFO  org.hibernate.Version - HHH000412: Hibernate ORM core version 5.4.25.Final
19:09:03.610 [main] INFO  o.h.annotations.common.Version - HCANN000001: Hibernate Commons Annotations {5.1.2.Final}
19:09:03.744 [main] INFO  org.hibernate.dialect.Dialect - HHH000400: Using dialect: org.hibernate.dialect.H2Dialect
19:09:04.168 [main] INFO  o.h.e.t.j.p.i.JtaPlatformInitiator - HHH000490: Using JtaPlatform implementation: [org.hibernate.engine.transaction.jta.platform.internal.NoJtaPlatform]
19:09:04.179 [main] INFO  o.s.o.j.LocalContainerEntityManagerFactoryBean - Initialized JPA EntityManagerFactory for persistence unit 'default'
19:09:06.191 [main] WARN  com.zaxxer.hikari.HikariConfig - Pool-vavishka-vavishka.ir - idleTimeout has been set but has no effect because the pool is operating as a fixed size pool.
19:09:06.194 [main] INFO  com.zaxxer.hikari.HikariDataSource - Pool-vavishka-vavishka.ir - Starting...
19:09:06.228 [main] INFO  com.zaxxer.hikari.HikariDataSource - Pool-vavishka-vavishka.ir - Start completed.
19:09:08.302 [main] WARN  com.zaxxer.hikari.HikariConfig - Pool-piana-piana.ir - idleTimeout has been set but has no effect because the pool is operating as a fixed size pool.
19:09:08.305 [main] INFO  com.zaxxer.hikari.HikariDataSource - Pool-piana-piana.ir - Starting...
19:09:08.328 [main] INFO  com.zaxxer.hikari.HikariDataSource - Pool-piana-piana.ir - Start completed.
19:09:09.386 [main] WARN  o.s.b.w.s.c.AnnotationConfigServletWebServerApplicationContext - Exception encountered during context initialization - cancelling refresh attempt: org.springframework.beans.factory.UnsatisfiedDependencyException: Error creating bean with name 'webSecurity': Unsatisfied dependency expressed through field 'bCryptPasswordEncoder'; nested exception is org.springframework.beans.factory.NoSuchBeanDefinitionException: No qualifying bean of type 'org.springframework.security.crypto.bcrypt.BCryptPasswordEncoder' available: expected at least 1 bean which qualifies as autowire candidate. Dependency annotations: {@org.springframework.beans.factory.annotation.Autowired(required=true)}
19:09:09.387 [main] INFO  o.s.o.j.LocalContainerEntityManagerFactoryBean - Closing JPA EntityManagerFactory for persistence unit 'default'
19:09:09.389 [main] INFO  o.a.catalina.core.StandardService - Stopping service [Tomcat]
19:09:09.397 [main] INFO  o.s.b.a.l.ConditionEvaluationReportLoggingListener - 

Error starting ApplicationContext. To display the conditions report re-run your application with 'debug' enabled.
19:09:09.433 [main] ERROR o.s.b.d.LoggingFailureAnalysisReporter - 

***************************
APPLICATION FAILED TO START
***************************

Description:

Field bCryptPasswordEncoder in ir.piana.business.multishop.security.WebSecurity required a bean of type 'org.springframework.security.crypto.bcrypt.BCryptPasswordEncoder' that could not be found.

The injection point has the following annotations:
	- @org.springframework.beans.factory.annotation.Autowired(required=true)


Action:

Consider defining a bean of type 'org.springframework.security.crypto.bcrypt.BCryptPasswordEncoder' in your configuration.

19:15:37.934 [main] INFO  i.p.b.m.ShopBackendApplication - Starting ShopBackendApplication using Java 1.8.0_171 on PC-203 with PID 8348 (E:\me-project\multi-shop\shop-backend\target\classes started by mj.rahmati in E:\me-project\multi-shop)
19:15:37.938 [main] INFO  i.p.b.m.ShopBackendApplication - The following profiles are active: production
19:15:38.547 [main] INFO  o.s.d.r.c.RepositoryConfigurationDelegate - Bootstrapping Spring Data JPA repositories in DEFAULT mode.
19:15:38.596 [main] INFO  o.s.d.r.c.RepositoryConfigurationDelegate - Finished Spring Data repository scanning in 39 ms. Found 1 JPA repository interfaces.
19:15:39.159 [main] INFO  o.s.b.w.e.tomcat.TomcatWebServer - Tomcat initialized with port(s): 8081 (http)
19:15:39.167 [main] INFO  o.a.catalina.core.StandardService - Starting service [Tomcat]
19:15:39.167 [main] INFO  o.a.catalina.core.StandardEngine - Starting Servlet engine: [Apache Tomcat/9.0.41]
19:15:39.281 [main] INFO  o.a.c.c.C.[Tomcat].[localhost].[/] - Initializing Spring embedded WebApplicationContext
19:15:39.281 [main] INFO  o.s.b.w.s.c.ServletWebServerApplicationContext - Root WebApplicationContext: initialization completed in 1291 ms
19:15:41.819 [main] WARN  com.zaxxer.hikari.HikariConfig - Pool-support - idleTimeout has been set but has no effect because the pool is operating as a fixed size pool.
19:15:41.820 [main] INFO  com.zaxxer.hikari.HikariDataSource - Pool-support - Starting...
19:15:41.945 [main] INFO  com.zaxxer.hikari.HikariDataSource - Pool-support - Start completed.
19:15:42.080 [main] INFO  o.h.jpa.internal.util.LogHelper - HHH000204: Processing PersistenceUnitInfo [name: default]
19:15:42.195 [main] INFO  org.hibernate.Version - HHH000412: Hibernate ORM core version 5.4.25.Final
19:15:42.319 [main] INFO  o.h.annotations.common.Version - HCANN000001: Hibernate Commons Annotations {5.1.2.Final}
19:15:42.470 [main] INFO  org.hibernate.dialect.Dialect - HHH000400: Using dialect: org.hibernate.dialect.H2Dialect
19:15:42.912 [main] INFO  o.h.e.t.j.p.i.JtaPlatformInitiator - HHH000490: Using JtaPlatform implementation: [org.hibernate.engine.transaction.jta.platform.internal.NoJtaPlatform]
19:15:42.924 [main] INFO  o.s.o.j.LocalContainerEntityManagerFactoryBean - Initialized JPA EntityManagerFactory for persistence unit 'default'
19:15:43.263 [main] WARN  com.zaxxer.hikari.HikariConfig - Pool-vavishka-vavishka.ir - idleTimeout has been set but has no effect because the pool is operating as a fixed size pool.
19:15:43.263 [main] INFO  com.zaxxer.hikari.HikariDataSource - Pool-vavishka-vavishka.ir - Starting...
19:15:43.286 [main] INFO  com.zaxxer.hikari.HikariDataSource - Pool-vavishka-vavishka.ir - Start completed.
19:15:43.347 [main] WARN  com.zaxxer.hikari.HikariConfig - Pool-piana-piana.ir - idleTimeout has been set but has no effect because the pool is operating as a fixed size pool.
19:15:43.347 [main] INFO  com.zaxxer.hikari.HikariDataSource - Pool-piana-piana.ir - Starting...
19:15:43.353 [main] INFO  com.zaxxer.hikari.HikariDataSource - Pool-piana-piana.ir - Start completed.
19:15:43.441 [main] WARN  o.s.b.w.s.c.AnnotationConfigServletWebServerApplicationContext - Exception encountered during context initialization - cancelling refresh attempt: org.springframework.beans.factory.UnsatisfiedDependencyException: Error creating bean with name 'webSecurity': Unsatisfied dependency expressed through field 'bCryptPasswordEncoder'; nested exception is org.springframework.beans.factory.NoSuchBeanDefinitionException: No qualifying bean of type 'org.springframework.security.crypto.bcrypt.BCryptPasswordEncoder' available: expected at least 1 bean which qualifies as autowire candidate. Dependency annotations: {@org.springframework.beans.factory.annotation.Autowired(required=true)}
19:15:43.441 [main] INFO  o.s.o.j.LocalContainerEntityManagerFactoryBean - Closing JPA EntityManagerFactory for persistence unit 'default'
19:15:43.443 [main] INFO  o.a.catalina.core.StandardService - Stopping service [Tomcat]
19:15:43.452 [main] INFO  o.s.b.a.l.ConditionEvaluationReportLoggingListener - 

Error starting ApplicationContext. To display the conditions report re-run your application with 'debug' enabled.
19:15:43.470 [main] ERROR o.s.b.d.LoggingFailureAnalysisReporter - 

***************************
APPLICATION FAILED TO START
***************************

Description:

Field bCryptPasswordEncoder in ir.piana.business.multishop.security.WebSecurity required a bean of type 'org.springframework.security.crypto.bcrypt.BCryptPasswordEncoder' that could not be found.

The injection point has the following annotations:
	- @org.springframework.beans.factory.annotation.Autowired(required=true)


Action:

Consider defining a bean of type 'org.springframework.security.crypto.bcrypt.BCryptPasswordEncoder' in your configuration.

19:16:13.075 [main] INFO  i.p.b.m.ShopBackendApplication - Starting ShopBackendApplication using Java 1.8.0_171 on PC-203 with PID 11896 (E:\me-project\multi-shop\shop-backend\target\classes started by mj.rahmati in E:\me-project\multi-shop)
19:16:13.079 [main] INFO  i.p.b.m.ShopBackendApplication - The following profiles are active: production
19:16:13.651 [main] INFO  o.s.d.r.c.RepositoryConfigurationDelegate - Bootstrapping Spring Data JPA repositories in DEFAULT mode.
19:16:13.694 [main] INFO  o.s.d.r.c.RepositoryConfigurationDelegate - Finished Spring Data repository scanning in 36 ms. Found 1 JPA repository interfaces.
19:16:14.230 [main] INFO  o.s.b.w.e.tomcat.TomcatWebServer - Tomcat initialized with port(s): 8081 (http)
19:16:14.238 [main] INFO  o.a.catalina.core.StandardService - Starting service [Tomcat]
19:16:14.239 [main] INFO  o.a.catalina.core.StandardEngine - Starting Servlet engine: [Apache Tomcat/9.0.41]
19:16:14.357 [main] INFO  o.a.c.c.C.[Tomcat].[localhost].[/] - Initializing Spring embedded WebApplicationContext
19:16:14.357 [main] INFO  o.s.b.w.s.c.ServletWebServerApplicationContext - Root WebApplicationContext: initialization completed in 1213 ms
19:16:14.429 [main] WARN  com.zaxxer.hikari.HikariConfig - Pool-support - idleTimeout has been set but has no effect because the pool is operating as a fixed size pool.
19:16:14.430 [main] INFO  com.zaxxer.hikari.HikariDataSource - Pool-support - Starting...
19:16:14.552 [main] INFO  com.zaxxer.hikari.HikariDataSource - Pool-support - Start completed.
19:16:14.673 [main] INFO  o.h.jpa.internal.util.LogHelper - HHH000204: Processing PersistenceUnitInfo [name: default]
19:16:14.784 [main] INFO  org.hibernate.Version - HHH000412: Hibernate ORM core version 5.4.25.Final
19:16:14.904 [main] INFO  o.h.annotations.common.Version - HCANN000001: Hibernate Commons Annotations {5.1.2.Final}
19:16:15.055 [main] INFO  org.hibernate.dialect.Dialect - HHH000400: Using dialect: org.hibernate.dialect.H2Dialect
19:16:15.539 [main] INFO  o.h.e.t.j.p.i.JtaPlatformInitiator - HHH000490: Using JtaPlatform implementation: [org.hibernate.engine.transaction.jta.platform.internal.NoJtaPlatform]
19:16:15.551 [main] INFO  o.s.o.j.LocalContainerEntityManagerFactoryBean - Initialized JPA EntityManagerFactory for persistence unit 'default'
19:16:15.907 [main] WARN  com.zaxxer.hikari.HikariConfig - Pool-vavishka-vavishka.ir - idleTimeout has been set but has no effect because the pool is operating as a fixed size pool.
19:16:15.908 [main] INFO  com.zaxxer.hikari.HikariDataSource - Pool-vavishka-vavishka.ir - Starting...
19:16:15.918 [main] INFO  com.zaxxer.hikari.HikariDataSource - Pool-vavishka-vavishka.ir - Start completed.
19:16:15.969 [main] WARN  com.zaxxer.hikari.HikariConfig - Pool-piana-piana.ir - idleTimeout has been set but has no effect because the pool is operating as a fixed size pool.
19:16:15.970 [main] INFO  com.zaxxer.hikari.HikariDataSource - Pool-piana-piana.ir - Starting...
19:16:15.976 [main] INFO  com.zaxxer.hikari.HikariDataSource - Pool-piana-piana.ir - Start completed.
19:16:16.217 [main] INFO  o.s.b.a.s.s.UserDetailsServiceAutoConfiguration - 

Using generated security password: 72d93832-367a-4f3b-b30b-cb84bd6edb43

19:16:16.389 [main] INFO  o.s.s.web.DefaultSecurityFilterChain - Will secure any request with [org.springframework.security.web.context.request.async.WebAsyncManagerIntegrationFilter@31b91435, org.springframework.security.web.context.SecurityContextPersistenceFilter@25435731, org.springframework.security.web.header.HeaderWriterFilter@3831f4c2, org.springframework.web.filter.CorsFilter@5d75f90e, org.springframework.security.web.authentication.logout.LogoutFilter@59929ac, org.springframework.security.web.savedrequest.RequestCacheAwareFilter@5cd6719d, org.springframework.security.web.servletapi.SecurityContextHolderAwareRequestFilter@694b1ddb, org.springframework.security.web.authentication.AnonymousAuthenticationFilter@2212e291, org.springframework.security.web.session.SessionManagementFilter@320fc4b0, org.springframework.security.web.access.ExceptionTranslationFilter@3a8ead9, org.springframework.security.web.access.intercept.FilterSecurityInterceptor@565efd7d]
19:16:16.436 [main] INFO  o.s.s.c.ThreadPoolTaskExecutor - Initializing ExecutorService 'applicationTaskExecutor'
19:16:16.561 [main] INFO  o.s.b.w.e.tomcat.TomcatWebServer - Tomcat started on port(s): 8081 (http) with context path ''
19:16:16.576 [main] INFO  i.p.b.m.ShopBackendApplication - Started ShopBackendApplication in 4.092 seconds (JVM running for 4.956)
19:16:25.310 [http-nio-8081-exec-1] INFO  o.a.tomcat.util.http.parser.Cookie - A cookie header was received [/instrumentCardex.do=1|sc2; /paymentCheckGroup.do=0|sc1; session=eyJ0eXAiOiJKV1QiLCJhbGciOiJIUzUxMiJ9.eyJzdWIiOiJhZG1pbiIsImV4cCI6MTU5NDkwMjIxOX0.iqQDXtp_O3-q0BvAjME3ta17FrUtto3--VlU39yfKOqBMvowRaTZ6QZqXQ2K752eYu_IWLdJCJPGEGe79-zY-Q; /paymentGroup.do=0|sc1; G_AUTHUSER_H=0; /nReceipt.do=1|sc2; /voucher.do=1|sc2; /payment.do=0|sc1; /payableCheck.do=0|sc1; /nreceivableCheck.do=0|sc1; /fundOperationSummary.do=0|sc1; /customerReport.do=0|sc1; /portfolioDetail.do=0|sc1; /customer.do=0|sc1; /accountingReport.do=1|sc2; PLAY_SESSION=eyJhbGciOiJIUzI1NiJ9.eyJkYXRhIjp7ImlzVXNlckFkbWluIjoidHJ1ZSIsImNsaWVudF9sb2dpbl9pZCI6IjFmYTI0YWFiNjI5YzQzOTg5Yzc0ODg5NmYzOTRjNGMxIiwiaXNVc2VyU3VwcG9ydGVyIjoidHJ1ZSIsInNlc3Npb25JZCI6IjE5ODY3ODZmLWIzM2MtNGZkMS05OTEzLTYwZjc1MTk5MGVmMCIsImNzcmZUb2tlbiI6IjM0MWI4YmEwZDZmZTliNTE5M2UwYTZlMjNhNzljYzlmZGE0MjBhMzMtMTU4OTg3MTAyODM0NS03MTQ1ZGViNDVhMTg5YTYwNTNkNWRhNzAiLCJ1c2VyIjoi2YXYrdio2YjYqNmHINin2K3Zhdiv24wifSwibmJmIjoxNjA5MzEyOTc5LCJpYXQiOjE2MDkzMTI5Nzl9.c-osDZrfj3a-YPFtR7buTNSSU74B6C-LoApA43FtqCI; JSESSIONID=36D5C7F28AF4E04D2DEBAC41F3512262] that contained an invalid cookie. That cookie will be ignored.
 Note: further occurrences of this error will be logged at DEBUG level.
19:16:25.317 [http-nio-8081-exec-1] INFO  o.a.c.c.C.[Tomcat].[localhost].[/] - Initializing Spring DispatcherServlet 'dispatcherServlet'
19:16:25.317 [http-nio-8081-exec-1] INFO  o.s.web.servlet.DispatcherServlet - Initializing Servlet 'dispatcherServlet'
19:16:25.318 [http-nio-8081-exec-1] INFO  o.s.web.servlet.DispatcherServlet - Completed initialization in 1 ms
19:20:47.128 [SpringContextShutdownHook] INFO  o.s.s.c.ThreadPoolTaskExecutor - Shutting down ExecutorService 'applicationTaskExecutor'
19:20:47.128 [SpringContextShutdownHook] INFO  o.s.o.j.LocalContainerEntityManagerFactoryBean - Closing JPA EntityManagerFactory for persistence unit 'default'
